<?xml version="1.0" encoding="UTF-8"?>
<testng-results ignored="0" total="1" passed="1" failed="0" skipped="0">
  <reporter-output>
  </reporter-output>
  <suite started-at="2024-09-10T15:16:47 IST" name="Default suite" finished-at="2024-09-10T15:16:52 IST" duration-ms="4509">
    <groups>
    </groups>
    <test started-at="2024-09-10T15:16:47 IST" name="Default test" finished-at="2024-09-10T15:16:52 IST" duration-ms="4509">
      <class name="Session6.ValidateJsonResponse">
        <test-method signature="UserListResponseBody()[pri:0, instance:Session6.ValidateJsonResponse@58cbafc2]" started-at="2024-09-10T15:16:48 IST" name="UserListResponseBody" finished-at="2024-09-10T15:16:52 IST" duration-ms="4439" status="PASS">
          <reporter-output>
          </reporter-output>
        </test-method> <!-- UserListResponseBody -->
      </class> <!-- Session6.ValidateJsonResponse -->
    </test> <!-- Default test -->
  </suite> <!-- Default suite -->
</testng-results>
